[02-Dec-2015 07:29:48 America/Los_Angeles] cURL error: [77] error setting certificate verify locations:
  CAfile: /home/chff123/public_html/chffinmot/newsite/cert/api_cert_chain.crt
  CApath: none

[02-Dec-2015 07:40:39 America/Los_Angeles] Invalid HTTP request method.
[02-Dec-2015 08:42:03 America/Los_Angeles] Invalid HTTP request method.
[02-Dec-2015 10:16:31 America/Los_Angeles] PHP Warning:  PDO::query() expects parameter 1 to be string, object given in /home/chff123/public_html/chffinmot/newsite/ipn.php on line 124
[02-Dec-2015 10:17:43 America/Los_Angeles] PHP Warning:  PDO::query() expects parameter 1 to be string, object given in /home/chff123/public_html/chffinmot/newsite/ipn.php on line 124
[02-Dec-2015 10:17:43 America/Los_Angeles] PHP Fatal error:  Call to a member function fetchColumn() on a non-object in /home/chff123/public_html/chffinmot/newsite/ipn.php on line 131
[02-Dec-2015 10:18:32 America/Los_Angeles] PHP Warning:  PDO::query() expects parameter 1 to be string, object given in /home/chff123/public_html/chffinmot/newsite/ipn.php on line 124
[02-Dec-2015 10:18:32 America/Los_Angeles] PHP Fatal error:  Call to a member function fetchColumn() on a non-object in /home/chff123/public_html/chffinmot/newsite/ipn.php on line 131
[02-Dec-2015 10:19:32 America/Los_Angeles] PHP Warning:  PDO::query() expects parameter 1 to be string, object given in /home/chff123/public_html/chffinmot/newsite/ipn.php on line 124
[02-Dec-2015 10:20:12 America/Los_Angeles] PHP Warning:  PDO::query() expects parameter 1 to be string, object given in /home/chff123/public_html/chffinmot/newsite/ipn.php on line 124
[02-Dec-2015 10:20:12 America/Los_Angeles] PHP Fatal error:  Call to a member function fetchColumn() on a non-object in /home/chff123/public_html/chffinmot/newsite/ipn.php on line 131
[02-Dec-2015 10:21:11 America/Los_Angeles] PHP Warning:  PDO::query() expects parameter 1 to be string, object given in /home/chff123/public_html/chffinmot/newsite/ipn.php on line 124
[02-Dec-2015 10:22:22 America/Los_Angeles] PHP Warning:  PDO::query() expects parameter 1 to be string, object given in /home/chff123/public_html/chffinmot/newsite/ipn.php on line 124
[02-Dec-2015 10:22:32 America/Los_Angeles] PHP Warning:  PDO::query() expects parameter 1 to be string, object given in /home/chff123/public_html/chffinmot/newsite/ipn.php on line 124
[02-Dec-2015 10:23:31 America/Los_Angeles] PHP Warning:  PDO::query() expects parameter 1 to be string, object given in /home/chff123/public_html/chffinmot/newsite/ipn.php on line 124
[02-Dec-2015 10:24:41 America/Los_Angeles] PHP Warning:  PDO::query() expects parameter 1 to be string, object given in /home/chff123/public_html/chffinmot/newsite/ipn.php on line 124
[02-Dec-2015 10:24:41 America/Los_Angeles] PHP Warning:  error_log() expects parameter 1 to be string, array given in /home/chff123/public_html/chffinmot/newsite/ipn.php on line 127
[02-Dec-2015 10:27:35 America/Los_Angeles] PHP Warning:  PDO::query() expects parameter 1 to be string, object given in /home/chff123/public_html/chffinmot/newsite/ipn.php on line 124
[02-Dec-2015 10:27:35 America/Los_Angeles] PHP Warning:  error_log() expects parameter 1 to be string, array given in /home/chff123/public_html/chffinmot/newsite/ipn.php on line 127
[06-Dec-2015 08:16:45 America/Los_Angeles] PHP Fatal error:  Uncaught exception 'PDOException' with message 'SQLSTATE[42000]: Syntax error or access violation: 1064 You have an error in your SQL syntax; check the manual that corresponds to your MySQL server version for the right syntax to use near 'FROM ht_orders WHERE Orders_ID = NULL' at line 1' in /home/chff123/public_html/chffinmot/newsite/ipn.php:84
Stack trace:
#0 /home/chff123/public_html/chffinmot/newsite/ipn.php(84): PDOStatement->execute()
#1 {main}
  thrown in /home/chff123/public_html/chffinmot/newsite/ipn.php on line 84
[06-Dec-2015 08:20:16 America/Los_Angeles] PHP Fatal error:  Uncaught exception 'PDOException' with message 'SQLSTATE[42000]: Syntax error or access violation: 1064 You have an error in your SQL syntax; check the manual that corresponds to your MySQL server version for the right syntax to use near 'FROM ht_orders WHERE Orders_ID = NULL' at line 1' in /home/chff123/public_html/chffinmot/newsite/ipn.php:87
Stack trace:
#0 /home/chff123/public_html/chffinmot/newsite/ipn.php(87): PDOStatement->execute()
#1 {main}
  thrown in /home/chff123/public_html/chffinmot/newsite/ipn.php on line 87
[06-Dec-2015 08:27:23 America/Los_Angeles] PHP Fatal error:  Uncaught exception 'PDOException' with message 'SQLSTATE[42000]: Syntax error or access violation: 1064 You have an error in your SQL syntax; check the manual that corresponds to your MySQL server version for the right syntax to use near 'FROM ht_orders WHERE Orders_ID = '24'' at line 1' in /home/chff123/public_html/chffinmot/newsite/ipn.php:87
Stack trace:
#0 /home/chff123/public_html/chffinmot/newsite/ipn.php(87): PDOStatement->execute()
#1 {main}
  thrown in /home/chff123/public_html/chffinmot/newsite/ipn.php on line 87
[06-Dec-2015 08:29:05 America/Los_Angeles] PHP Fatal error:  Uncaught exception 'PDOException' with message 'SQLSTATE[42000]: Syntax error or access violation: 1064 You have an error in your SQL syntax; check the manual that corresponds to your MySQL server version for the right syntax to use near 'FROM ht_orders WHERE Orders_ID = '25'' at line 1' in /home/chff123/public_html/chffinmot/newsite/ipn.php:88
Stack trace:
#0 /home/chff123/public_html/chffinmot/newsite/ipn.php(88): PDOStatement->execute()
#1 {main}
  thrown in /home/chff123/public_html/chffinmot/newsite/ipn.php on line 88
